<?xml version="1.0" encoding="UTF-8"?>
<testsuite name="com.fullcycle.admin.catalogo.infrastructure.MainTest" tests="1" skipped="0" failures="0" errors="0" timestamp="2022-05-20T09:52:47" hostname="Dell-Brum" time="0.026">
  <properties/>
  <testcase name="testMain()" classname="com.fullcycle.admin.catalogo.infrastructure.MainTest" time="0.026"/>
  <system-out><![CDATA[Hello world!
com.fullcycle.admin.catalogo.domain.Category@1e6a3214
]]></system-out>
  <system-err><![CDATA[]]></system-err>
</testsuite>
